<?xml version="1.0" encoding="UTF-8"?>
<testng-results ignored="0" total="2" passed="2" failed="0" skipped="0">
  <reporter-output>
    <line>
      <![CDATA[https://developer.dnb.no/documentation/currencies/prod-lm/2.1.0/]]>
    </line>
    <line>
      <![CDATA[https://developer.dnb.no/documentation/currencies/prod-tm/@latest/guide]]>
    </line>
    <line>
      <![CDATA[DNB Developer]]>
    </line>
  </reporter-output>
  <suite started-at="2023-02-05T03:47:38 IST" name="Suite" finished-at="2023-02-05T03:48:38 IST" duration-ms="60353">
    <groups>
    </groups>
    <test started-at="2023-02-05T03:47:38 IST" name="Test" finished-at="2023-02-05T03:48:38 IST" duration-ms="60353">
      <class name="testScripts.RegulatoryAPITest">
        <test-method is-config="true" signature="launchBrowser()[pri:0, instance:testScripts.RegulatoryAPITest@54bff557]" started-at="2023-02-05T03:48:22 IST" name="launchBrowser" finished-at="2023-02-05T03:48:35 IST" duration-ms="12146" status="PASS">
          <reporter-output>
          </reporter-output>
        </test-method> <!-- launchBrowser -->
        <test-method signature="verifyTitle()[pri:0, instance:testScripts.RegulatoryAPITest@54bff557]" started-at="2023-02-05T03:48:35 IST" name="verifyTitle" finished-at="2023-02-05T03:48:37 IST" duration-ms="2627" status="PASS">
          <reporter-output>
            <line>
              <![CDATA[DNB Developer]]>
            </line>
          </reporter-output>
        </test-method> <!-- verifyTitle -->
        <test-method is-config="true" signature="takeScreenshot(org.testng.ITestResult)[pri:0, instance:testScripts.RegulatoryAPITest@54bff557]" started-at="2023-02-05T03:48:37 IST" name="takeScreenshot" finished-at="2023-02-05T03:48:38 IST" duration-ms="877" status="PASS">
          <params>
            <param index="0">
              <value>
                <![CDATA[[TestResult name=verifyTitle status=SUCCESS method=RegulatoryAPITest.verifyTitle()[pri:0, instance:testScripts.RegulatoryAPITest@54bff557] output=DNB Developer]]]>
              </value>
            </param>
          </params>
          <reporter-output>
          </reporter-output>
        </test-method> <!-- takeScreenshot -->
      </class> <!-- testScripts.RegulatoryAPITest -->
      <class name="testScripts.CorporateAPITest">
        <test-method is-config="true" signature="launchBrowser()[pri:0, instance:testScripts.CorporateAPITest@25084a1e]" started-at="2023-02-05T03:47:38 IST" name="launchBrowser" finished-at="2023-02-05T03:48:12 IST" duration-ms="34098" status="PASS">
          <reporter-output>
          </reporter-output>
        </test-method> <!-- launchBrowser -->
        <test-method signature="verifyURLs()[pri:0, instance:testScripts.CorporateAPITest@25084a1e]" started-at="2023-02-05T03:48:12 IST" name="verifyURLs" finished-at="2023-02-05T03:48:20 IST" duration-ms="8325" status="PASS">
          <reporter-output>
            <line>
              <![CDATA[https://developer.dnb.no/documentation/currencies/prod-lm/2.1.0/]]>
            </line>
            <line>
              <![CDATA[https://developer.dnb.no/documentation/currencies/prod-tm/@latest/guide]]>
            </line>
          </reporter-output>
        </test-method> <!-- verifyURLs -->
        <test-method is-config="true" signature="takeScreenshot(org.testng.ITestResult)[pri:0, instance:testScripts.CorporateAPITest@25084a1e]" started-at="2023-02-05T03:48:20 IST" name="takeScreenshot" finished-at="2023-02-05T03:48:22 IST" duration-ms="2208" status="PASS">
          <params>
            <param index="0">
              <value>
                <![CDATA[[TestResult name=verifyURLs status=SUCCESS method=CorporateAPITest.verifyURLs()[pri:0, instance:testScripts.CorporateAPITest@25084a1e] output=https://developer.dnb.no/documentation/currencies/prod-lm/2.1.0/]]]>
              </value>
            </param>
          </params>
          <reporter-output>
          </reporter-output>
        </test-method> <!-- takeScreenshot -->
      </class> <!-- testScripts.CorporateAPITest -->
    </test> <!-- Test -->
  </suite> <!-- Suite -->
</testng-results>
